<?xml version="1.0" encoding="UTF-8"?>
<testng-results skipped="0" failed="0" total="1" passed="1">
  <reporter-output>
  </reporter-output>
  <suite name="Default suite" duration-ms="38025" started-at="2016-08-30T00:53:35Z" finished-at="2016-08-30T00:54:13Z">
    <groups>
    </groups>
    <test name="Default test" duration-ms="38025" started-at="2016-08-30T00:53:35Z" finished-at="2016-08-30T00:54:13Z">
      <class name="com.amazon.amazon.AmazonTest">
        <test-method status="PASS" signature="beforeClass()[pri:0, instance:com.amazon.amazon.AmazonTest@4678c730]" name="beforeClass" is-config="true" duration-ms="16202" started-at="2016-08-29T19:53:35Z" finished-at="2016-08-29T19:53:51Z">
          <reporter-output>
          </reporter-output>
        </test-method> <!-- beforeClass -->
        <test-method status="PASS" signature="searchForLightnigCableRating()[pri:0, instance:com.amazon.amazon.AmazonTest@4678c730]" name="searchForLightnigCableRating" duration-ms="21806" started-at="2016-08-29T19:53:51Z" finished-at="2016-08-29T19:54:13Z">
          <reporter-output>
          </reporter-output>
        </test-method> <!-- searchForLightnigCableRating -->
        <test-method status="PASS" signature="afterClass()[pri:0, instance:com.amazon.amazon.AmazonTest@4678c730]" name="afterClass" is-config="true" duration-ms="1" started-at="2016-08-29T19:54:13Z" finished-at="2016-08-29T19:54:13Z">
          <reporter-output>
          </reporter-output>
        </test-method> <!-- afterClass -->
      </class> <!-- com.amazon.amazon.AmazonTest -->
    </test> <!-- Default test -->
  </suite> <!-- Default suite -->
</testng-results>
