<?xml version="1.0" encoding="UTF-8"?>
<testng-results skipped="0" failed="0" total="1" passed="1">
  <reporter-output>
  </reporter-output>
  <suite name="Default suite" duration-ms="34173" started-at="2016-08-30T02:55:23Z" finished-at="2016-08-30T02:55:57Z">
    <groups>
    </groups>
    <test name="Default test" duration-ms="34173" started-at="2016-08-30T02:55:23Z" finished-at="2016-08-30T02:55:57Z">
      <class name="com.amazon.amazon.AmazonTest">
        <test-method status="PASS" signature="beforeClass()[pri:0, instance:com.amazon.amazon.AmazonTest@4678c730]" name="beforeClass" is-config="true" duration-ms="13578" started-at="2016-08-29T21:55:23Z" finished-at="2016-08-29T21:55:36Z">
          <reporter-output>
          </reporter-output>
        </test-method> <!-- beforeClass -->
        <test-method status="PASS" signature="searchForLightnigCableRating()[pri:0, instance:com.amazon.amazon.AmazonTest@4678c730]" name="searchForLightnigCableRating" duration-ms="20579" started-at="2016-08-29T21:55:36Z" finished-at="2016-08-29T21:55:57Z">
          <reporter-output>
          </reporter-output>
        </test-method> <!-- searchForLightnigCableRating -->
        <test-method status="PASS" signature="afterClass()[pri:0, instance:com.amazon.amazon.AmazonTest@4678c730]" name="afterClass" is-config="true" duration-ms="0" started-at="2016-08-29T21:55:57Z" finished-at="2016-08-29T21:55:57Z">
          <reporter-output>
          </reporter-output>
        </test-method> <!-- afterClass -->
      </class> <!-- com.amazon.amazon.AmazonTest -->
    </test> <!-- Default test -->
  </suite> <!-- Default suite -->
</testng-results>
